{"C:\\Users\\Pc\\Documents\\courses\\Devops\\js_jest_tests\\app.js": {"path":"C:\\Users\\Pc\\Documents\\courses\\Devops\\js_jest_tests\\app.js","statementMap":{"0":{"start":{"line":1,"column":16},"end":{"line":1,"column":34}},"1":{"start":{"line":3,"column":13},"end":{"line":3,"column":28}},"2":{"start":{"line":5,"column":12},"end":{"line":5,"column":21}},"3":{"start":{"line":7,"column":18},"end":{"line":9,"column":1}},"4":{"start":{"line":11,"column":0},"end":{"line":11,"column":27}},"5":{"start":{"line":14,"column":0},"end":{"line":14,"column":24}},"6":{"start":{"line":17,"column":0},"end":{"line":19,"column":2}},"7":{"start":{"line":21,"column":11},"end":{"line":21,"column":34}},"8":{"start":{"line":22,"column":0},"end":{"line":33,"column":7}},"9":{"start":{"line":31,"column":8},"end":{"line":31,"column":60}},"10":{"start":{"line":32,"column":8},"end":{"line":32,"column":23}},"11":{"start":{"line":36,"column":0},"end":{"line":38,"column":3}},"12":{"start":{"line":37,"column":4},"end":{"line":37,"column":64}},"13":{"start":{"line":40,"column":0},"end":{"line":40,"column":45}},"14":{"start":{"line":42,"column":0},"end":{"line":42,"column":21}}},"fnMap":{"0":{"name":"(anonymous_0)","decl":{"start":{"line":27,"column":10},"end":{"line":27,"column":11}},"loc":{"start":{"line":27,"column":16},"end":{"line":29,"column":5}},"line":27},"1":{"name":"(anonymous_1)","decl":{"start":{"line":30,"column":11},"end":{"line":30,"column":12}},"loc":{"start":{"line":30,"column":20},"end":{"line":33,"column":5}},"line":30},"2":{"name":"(anonymous_2)","decl":{"start":{"line":36,"column":13},"end":{"line":36,"column":14}},"loc":{"start":{"line":36,"column":27},"end":{"line":38,"column":1}},"line":36}},"branchMap":{},"s":{"0":1,"1":1,"2":1,"3":1,"4":1,"5":1,"6":1,"7":1,"8":1,"9":0,"10":0,"11":1,"12":0,"13":1,"14":1},"f":{"0":1,"1":0,"2":0},"b":{},"_coverageSchema":"1a1c01bbd47fc00a2c39e90264f33305004495a9","hash":"c3d94c2fc252a980fd2c20e8c23eaa96897cd10d"}
,"C:\\Users\\Pc\\Documents\\courses\\Devops\\js_jest_tests\\app\\config\\db.config.js": {"path":"C:\\Users\\Pc\\Documents\\courses\\Devops\\js_jest_tests\\app\\config\\db.config.js","statementMap":{"0":{"start":{"line":1,"column":0},"end":{"line":3,"column":2}}},"fnMap":{},"branchMap":{},"s":{"0":1},"f":{},"b":{},"_coverageSchema":"1a1c01bbd47fc00a2c39e90264f33305004495a9","hash":"61eb452d055eefa19cc525c2a212e5b44a978de1"}
,"C:\\Users\\Pc\\Documents\\courses\\Devops\\js_jest_tests\\app\\controllers\\tutorial.controller.js": {"path":"C:\\Users\\Pc\\Documents\\courses\\Devops\\js_jest_tests\\app\\controllers\\tutorial.controller.js","statementMap":{"0":{"start":{"line":1,"column":11},"end":{"line":1,"column":31}},"1":{"start":{"line":2,"column":17},"end":{"line":2,"column":29}},"2":{"start":{"line":5,"column":0},"end":{"line":32,"column":2}},"3":{"start":{"line":7,"column":4},"end":{"line":10,"column":5}},"4":{"start":{"line":8,"column":8},"end":{"line":8,"column":69}},"5":{"start":{"line":9,"column":8},"end":{"line":9,"column":15}},"6":{"start":{"line":13,"column":21},"end":{"line":17,"column":6}},"7":{"start":{"line":20,"column":4},"end":{"line":31,"column":11}},"8":{"start":{"line":23,"column":12},"end":{"line":23,"column":39}},"9":{"start":{"line":26,"column":12},"end":{"line":30,"column":15}},"10":{"start":{"line":35,"column":0},"end":{"line":59,"column":2}},"11":{"start":{"line":36,"column":18},"end":{"line":36,"column":33}},"12":{"start":{"line":37,"column":20},"end":{"line":39,"column":12}},"13":{"start":{"line":41,"column":4},"end":{"line":58,"column":11}},"14":{"start":{"line":44,"column":12},"end":{"line":49,"column":13}},"15":{"start":{"line":45,"column":15},"end":{"line":45,"column":42}},"16":{"start":{"line":48,"column":16},"end":{"line":48,"column":50}},"17":{"start":{"line":53,"column":12},"end":{"line":57,"column":15}},"18":{"start":{"line":62,"column":0},"end":{"line":78,"column":2}},"19":{"start":{"line":63,"column":15},"end":{"line":63,"column":28}},"20":{"start":{"line":65,"column":4},"end":{"line":77,"column":11}},"21":{"start":{"line":67,"column":12},"end":{"line":71,"column":32}},"22":{"start":{"line":68,"column":16},"end":{"line":70,"column":19}},"23":{"start":{"line":71,"column":17},"end":{"line":71,"column":32}},"24":{"start":{"line":74,"column":12},"end":{"line":76,"column":15}},"25":{"start":{"line":81,"column":0},"end":{"line":103,"column":2}},"26":{"start":{"line":82,"column":4},"end":{"line":86,"column":5}},"27":{"start":{"line":83,"column":8},"end":{"line":85,"column":11}},"28":{"start":{"line":88,"column":15},"end":{"line":88,"column":28}},"29":{"start":{"line":90,"column":4},"end":{"line":102,"column":11}},"30":{"start":{"line":92,"column":12},"end":{"line":96,"column":79}},"31":{"start":{"line":93,"column":16},"end":{"line":95,"column":19}},"32":{"start":{"line":96,"column":19},"end":{"line":96,"column":79}},"33":{"start":{"line":99,"column":12},"end":{"line":101,"column":15}},"34":{"start":{"line":106,"column":0},"end":{"line":126,"column":2}},"35":{"start":{"line":107,"column":15},"end":{"line":107,"column":28}},"36":{"start":{"line":109,"column":4},"end":{"line":125,"column":11}},"37":{"start":{"line":111,"column":12},"end":{"line":119,"column":13}},"38":{"start":{"line":112,"column":16},"end":{"line":114,"column":19}},"39":{"start":{"line":116,"column":16},"end":{"line":118,"column":19}},"40":{"start":{"line":122,"column":12},"end":{"line":124,"column":15}},"41":{"start":{"line":129,"column":0},"end":{"line":143,"column":2}},"42":{"start":{"line":130,"column":4},"end":{"line":142,"column":11}},"43":{"start":{"line":132,"column":12},"end":{"line":134,"column":15}},"44":{"start":{"line":137,"column":12},"end":{"line":141,"column":15}},"45":{"start":{"line":146,"column":0},"end":{"line":158,"column":2}},"46":{"start":{"line":147,"column":4},"end":{"line":157,"column":11}},"47":{"start":{"line":149,"column":12},"end":{"line":149,"column":27}},"48":{"start":{"line":152,"column":12},"end":{"line":156,"column":15}}},"fnMap":{"0":{"name":"(anonymous_0)","decl":{"start":{"line":5,"column":17},"end":{"line":5,"column":18}},"loc":{"start":{"line":5,"column":31},"end":{"line":32,"column":1}},"line":5},"1":{"name":"(anonymous_1)","decl":{"start":{"line":22,"column":14},"end":{"line":22,"column":15}},"loc":{"start":{"line":22,"column":24},"end":{"line":24,"column":9}},"line":22},"2":{"name":"(anonymous_2)","decl":{"start":{"line":25,"column":15},"end":{"line":25,"column":16}},"loc":{"start":{"line":25,"column":24},"end":{"line":31,"column":9}},"line":25},"3":{"name":"(anonymous_3)","decl":{"start":{"line":35,"column":18},"end":{"line":35,"column":19}},"loc":{"start":{"line":35,"column":32},"end":{"line":59,"column":1}},"line":35},"4":{"name":"(anonymous_4)","decl":{"start":{"line":42,"column":14},"end":{"line":42,"column":15}},"loc":{"start":{"line":42,"column":24},"end":{"line":50,"column":9}},"line":42},"5":{"name":"(anonymous_5)","decl":{"start":{"line":51,"column":15},"end":{"line":51,"column":16}},"loc":{"start":{"line":51,"column":24},"end":{"line":58,"column":9}},"line":51},"6":{"name":"(anonymous_6)","decl":{"start":{"line":62,"column":18},"end":{"line":62,"column":19}},"loc":{"start":{"line":62,"column":32},"end":{"line":78,"column":1}},"line":62},"7":{"name":"(anonymous_7)","decl":{"start":{"line":66,"column":14},"end":{"line":66,"column":15}},"loc":{"start":{"line":66,"column":24},"end":{"line":72,"column":9}},"line":66},"8":{"name":"(anonymous_8)","decl":{"start":{"line":73,"column":15},"end":{"line":73,"column":16}},"loc":{"start":{"line":73,"column":24},"end":{"line":77,"column":9}},"line":73},"9":{"name":"(anonymous_9)","decl":{"start":{"line":81,"column":17},"end":{"line":81,"column":18}},"loc":{"start":{"line":81,"column":31},"end":{"line":103,"column":1}},"line":81},"10":{"name":"(anonymous_10)","decl":{"start":{"line":91,"column":14},"end":{"line":91,"column":15}},"loc":{"start":{"line":91,"column":24},"end":{"line":97,"column":9}},"line":91},"11":{"name":"(anonymous_11)","decl":{"start":{"line":98,"column":15},"end":{"line":98,"column":16}},"loc":{"start":{"line":98,"column":24},"end":{"line":102,"column":9}},"line":98},"12":{"name":"(anonymous_12)","decl":{"start":{"line":106,"column":17},"end":{"line":106,"column":18}},"loc":{"start":{"line":106,"column":31},"end":{"line":126,"column":1}},"line":106},"13":{"name":"(anonymous_13)","decl":{"start":{"line":110,"column":14},"end":{"line":110,"column":15}},"loc":{"start":{"line":110,"column":24},"end":{"line":120,"column":9}},"line":110},"14":{"name":"(anonymous_14)","decl":{"start":{"line":121,"column":15},"end":{"line":121,"column":16}},"loc":{"start":{"line":121,"column":24},"end":{"line":125,"column":9}},"line":121},"15":{"name":"(anonymous_15)","decl":{"start":{"line":129,"column":20},"end":{"line":129,"column":21}},"loc":{"start":{"line":129,"column":34},"end":{"line":143,"column":1}},"line":129},"16":{"name":"(anonymous_16)","decl":{"start":{"line":131,"column":14},"end":{"line":131,"column":15}},"loc":{"start":{"line":131,"column":24},"end":{"line":135,"column":9}},"line":131},"17":{"name":"(anonymous_17)","decl":{"start":{"line":136,"column":15},"end":{"line":136,"column":16}},"loc":{"start":{"line":136,"column":24},"end":{"line":142,"column":9}},"line":136},"18":{"name":"(anonymous_18)","decl":{"start":{"line":146,"column":27},"end":{"line":146,"column":28}},"loc":{"start":{"line":146,"column":41},"end":{"line":158,"column":1}},"line":146},"19":{"name":"(anonymous_19)","decl":{"start":{"line":148,"column":14},"end":{"line":148,"column":15}},"loc":{"start":{"line":148,"column":24},"end":{"line":150,"column":9}},"line":148},"20":{"name":"(anonymous_20)","decl":{"start":{"line":151,"column":15},"end":{"line":151,"column":16}},"loc":{"start":{"line":151,"column":24},"end":{"line":157,"column":9}},"line":151}},"branchMap":{"0":{"loc":{"start":{"line":7,"column":4},"end":{"line":10,"column":5}},"type":"if","locations":[{"start":{"line":7,"column":4},"end":{"line":10,"column":5}},{"start":{},"end":{}}],"line":7},"1":{"loc":{"start":{"line":16,"column":19},"end":{"line":16,"column":66}},"type":"cond-expr","locations":[{"start":{"line":16,"column":40},"end":{"line":16,"column":58}},{"start":{"line":16,"column":61},"end":{"line":16,"column":66}}],"line":16},"2":{"loc":{"start":{"line":28,"column":20},"end":{"line":29,"column":70}},"type":"binary-expr","locations":[{"start":{"line":28,"column":20},"end":{"line":28,"column":31}},{"start":{"line":29,"column":20},"end":{"line":29,"column":70}}],"line":28},"3":{"loc":{"start":{"line":37,"column":20},"end":{"line":39,"column":12}},"type":"cond-expr","locations":[{"start":{"line":38,"column":10},"end":{"line":38,"column":65}},{"start":{"line":39,"column":10},"end":{"line":39,"column":12}}],"line":37},"4":{"loc":{"start":{"line":44,"column":12},"end":{"line":49,"column":13}},"type":"if","locations":[{"start":{"line":44,"column":12},"end":{"line":49,"column":13}},{"start":{"line":47,"column":16},"end":{"line":49,"column":13}}],"line":44},"5":{"loc":{"start":{"line":55,"column":20},"end":{"line":56,"column":69}},"type":"binary-expr","locations":[{"start":{"line":55,"column":20},"end":{"line":55,"column":31}},{"start":{"line":56,"column":20},"end":{"line":56,"column":69}}],"line":55},"6":{"loc":{"start":{"line":67,"column":12},"end":{"line":71,"column":32}},"type":"if","locations":[{"start":{"line":67,"column":12},"end":{"line":71,"column":32}},{"start":{"line":71,"column":17},"end":{"line":71,"column":32}}],"line":67},"7":{"loc":{"start":{"line":82,"column":4},"end":{"line":86,"column":5}},"type":"if","locations":[{"start":{"line":82,"column":4},"end":{"line":86,"column":5}},{"start":{},"end":{}}],"line":82},"8":{"loc":{"start":{"line":92,"column":12},"end":{"line":96,"column":79}},"type":"if","locations":[{"start":{"line":92,"column":12},"end":{"line":96,"column":79}},{"start":{"line":96,"column":19},"end":{"line":96,"column":79}}],"line":92},"9":{"loc":{"start":{"line":111,"column":12},"end":{"line":119,"column":13}},"type":"if","locations":[{"start":{"line":111,"column":12},"end":{"line":119,"column":13}},{"start":{"line":115,"column":19},"end":{"line":119,"column":13}}],"line":111},"10":{"loc":{"start":{"line":139,"column":20},"end":{"line":140,"column":71}},"type":"binary-expr","locations":[{"start":{"line":139,"column":20},"end":{"line":139,"column":31}},{"start":{"line":140,"column":20},"end":{"line":140,"column":71}}],"line":139},"11":{"loc":{"start":{"line":154,"column":20},"end":{"line":155,"column":69}},"type":"binary-expr","locations":[{"start":{"line":154,"column":20},"end":{"line":154,"column":31}},{"start":{"line":155,"column":20},"end":{"line":155,"column":69}}],"line":154}},"s":{"0":1,"1":1,"2":1,"3":0,"4":0,"5":0,"6":0,"7":0,"8":0,"9":0,"10":1,"11":3,"12":3,"13":3,"14":3,"15":2,"16":1,"17":0,"18":1,"19":0,"20":0,"21":0,"22":0,"23":0,"24":0,"25":1,"26":2,"27":0,"28":2,"29":2,"30":2,"31":1,"32":1,"33":0,"34":1,"35":0,"36":0,"37":0,"38":0,"39":0,"40":0,"41":1,"42":0,"43":0,"44":0,"45":1,"46":0,"47":0,"48":0},"f":{"0":0,"1":0,"2":0,"3":3,"4":3,"5":0,"6":0,"7":0,"8":0,"9":2,"10":2,"11":0,"12":0,"13":0,"14":0,"15":0,"16":0,"17":0,"18":0,"19":0,"20":0},"b":{"0":[0,0],"1":[0,0],"2":[0,0],"3":[0,3],"4":[2,1],"5":[0,0],"6":[0,0],"7":[0,2],"8":[1,1],"9":[0,0],"10":[0,0],"11":[0,0]},"_coverageSchema":"1a1c01bbd47fc00a2c39e90264f33305004495a9","hash":"deefeb2fd1eb4ea45da78f064986cd33638e44fe"}
,"C:\\Users\\Pc\\Documents\\courses\\Devops\\js_jest_tests\\app\\models\\index.js": {"path":"C:\\Users\\Pc\\Documents\\courses\\Devops\\js_jest_tests\\app\\models\\index.js","statementMap":{"0":{"start":{"line":1,"column":17},"end":{"line":1,"column":50}},"1":{"start":{"line":3,"column":17},"end":{"line":3,"column":36}},"2":{"start":{"line":4,"column":0},"end":{"line":4,"column":34}},"3":{"start":{"line":6,"column":11},"end":{"line":6,"column":13}},"4":{"start":{"line":7,"column":0},"end":{"line":7,"column":23}},"5":{"start":{"line":8,"column":0},"end":{"line":8,"column":22}},"6":{"start":{"line":9,"column":0},"end":{"line":9,"column":56}},"7":{"start":{"line":11,"column":0},"end":{"line":11,"column":20}}},"fnMap":{},"branchMap":{},"s":{"0":1,"1":1,"2":1,"3":1,"4":1,"5":1,"6":1,"7":1},"f":{},"b":{},"_coverageSchema":"1a1c01bbd47fc00a2c39e90264f33305004495a9","hash":"e0cf4d1c70fa941d880110a750269778d30faa52"}
,"C:\\Users\\Pc\\Documents\\courses\\Devops\\js_jest_tests\\app\\models\\tutorial.model.js": {"path":"C:\\Users\\Pc\\Documents\\courses\\Devops\\js_jest_tests\\app\\models\\tutorial.model.js","statementMap":{"0":{"start":{"line":1,"column":0},"end":{"line":19,"column":2}},"1":{"start":{"line":2,"column":17},"end":{"line":9,"column":5}},"2":{"start":{"line":11,"column":4},"end":{"line":15,"column":7}},"3":{"start":{"line":12,"column":40},"end":{"line":12,"column":55}},"4":{"start":{"line":13,"column":8},"end":{"line":13,"column":24}},"5":{"start":{"line":14,"column":8},"end":{"line":14,"column":22}},"6":{"start":{"line":17,"column":21},"end":{"line":17,"column":55}},"7":{"start":{"line":18,"column":4},"end":{"line":18,"column":20}}},"fnMap":{"0":{"name":"(anonymous_0)","decl":{"start":{"line":1,"column":17},"end":{"line":1,"column":18}},"loc":{"start":{"line":1,"column":31},"end":{"line":19,"column":1}},"line":1},"1":{"name":"(anonymous_1)","decl":{"start":{"line":11,"column":28},"end":{"line":11,"column":29}},"loc":{"start":{"line":11,"column":40},"end":{"line":15,"column":5}},"line":11}},"branchMap":{},"s":{"0":1,"1":1,"2":1,"3":0,"4":0,"5":0,"6":1,"7":1},"f":{"0":1,"1":0},"b":{},"_coverageSchema":"1a1c01bbd47fc00a2c39e90264f33305004495a9","hash":"8335023b9c465786e82edfabdb12ee63917f36c9"}
,"C:\\Users\\Pc\\Documents\\courses\\Devops\\js_jest_tests\\app\\routes\\turorial.routes.js": {"path":"C:\\Users\\Pc\\Documents\\courses\\Devops\\js_jest_tests\\app\\routes\\turorial.routes.js","statementMap":{"0":{"start":{"line":1,"column":0},"end":{"line":28,"column":2}},"1":{"start":{"line":2,"column":22},"end":{"line":2,"column":70}},"2":{"start":{"line":4,"column":17},"end":{"line":4,"column":44}},"3":{"start":{"line":7,"column":4},"end":{"line":7,"column":39}},"4":{"start":{"line":10,"column":4},"end":{"line":10,"column":39}},"5":{"start":{"line":13,"column":4},"end":{"line":13,"column":57}},"6":{"start":{"line":16,"column":4},"end":{"line":16,"column":42}},"7":{"start":{"line":19,"column":4},"end":{"line":19,"column":41}},"8":{"start":{"line":22,"column":4},"end":{"line":22,"column":44}},"9":{"start":{"line":25,"column":4},"end":{"line":25,"column":44}},"10":{"start":{"line":27,"column":4},"end":{"line":27,"column":38}}},"fnMap":{"0":{"name":"(anonymous_0)","decl":{"start":{"line":1,"column":17},"end":{"line":1,"column":18}},"loc":{"start":{"line":1,"column":26},"end":{"line":28,"column":1}},"line":1}},"branchMap":{},"s":{"0":1,"1":1,"2":1,"3":1,"4":1,"5":1,"6":1,"7":1,"8":1,"9":1,"10":1},"f":{"0":1},"b":{},"_coverageSchema":"1a1c01bbd47fc00a2c39e90264f33305004495a9","hash":"8eed5b0d3957715baf21d0626bba91595c31e70c"}
}
