TN:
SF:app.js
FN:27,(anonymous_0)
FN:30,(anonymous_1)
FN:36,(anonymous_2)
FNF:3
FNH:1
FNDA:1,(anonymous_0)
FNDA:0,(anonymous_1)
FNDA:0,(anonymous_2)
DA:1,1
DA:3,1
DA:5,1
DA:7,1
DA:11,1
DA:14,1
DA:17,1
DA:21,1
DA:22,1
DA:31,0
DA:32,0
DA:36,1
DA:37,0
DA:40,1
DA:42,1
LF:15
LH:12
BRF:0
BRH:0
end_of_record
TN:
SF:app\config\db.config.js
FNF:0
FNH:0
DA:1,1
LF:1
LH:1
BRF:0
BRH:0
end_of_record
TN:
SF:app\controllers\tutorial.controller.js
FN:5,(anonymous_0)
FN:22,(anonymous_1)
FN:25,(anonymous_2)
FN:35,(anonymous_3)
FN:42,(anonymous_4)
FN:45,(anonymous_5)
FN:55,(anonymous_6)
FN:59,(anonymous_7)
FN:66,(anonymous_8)
FN:74,(anonymous_9)
FN:84,(anonymous_10)
FN:91,(anonymous_11)
FN:99,(anonymous_12)
FN:103,(anonymous_13)
FN:114,(anonymous_14)
FN:122,(anonymous_15)
FN:124,(anonymous_16)
FN:129,(anonymous_17)
FN:139,(anonymous_18)
FN:141,(anonymous_19)
FN:144,(anonymous_20)
FNF:21
FNH:8
FNDA:4,(anonymous_0)
FNDA:3,(anonymous_1)
FNDA:0,(anonymous_2)
FNDA:0,(anonymous_3)
FNDA:0,(anonymous_4)
FNDA:0,(anonymous_5)
FNDA:1,(anonymous_6)
FNDA:1,(anonymous_7)
FNDA:0,(anonymous_8)
FNDA:0,(anonymous_9)
FNDA:0,(anonymous_10)
FNDA:0,(anonymous_11)
FNDA:1,(anonymous_12)
FNDA:1,(anonymous_13)
FNDA:0,(anonymous_14)
FNDA:1,(anonymous_15)
FNDA:1,(anonymous_16)
FNDA:0,(anonymous_17)
FNDA:0,(anonymous_18)
FNDA:0,(anonymous_19)
FNDA:0,(anonymous_20)
DA:1,1
DA:2,1
DA:5,1
DA:7,4
DA:8,1
DA:9,1
DA:13,3
DA:20,3
DA:23,3
DA:26,0
DA:35,1
DA:36,0
DA:37,0
DA:41,0
DA:43,0
DA:46,0
DA:55,1
DA:56,1
DA:58,1
DA:60,1
DA:61,0
DA:64,1
DA:67,0
DA:74,1
DA:75,0
DA:76,0
DA:81,0
DA:83,0
DA:85,0
DA:86,0
DA:89,0
DA:92,0
DA:99,1
DA:100,1
DA:102,1
DA:104,1
DA:105,0
DA:109,1
DA:115,0
DA:122,1
DA:123,1
DA:125,1
DA:130,0
DA:139,1
DA:140,0
DA:142,0
DA:145,0
LF:47
LH:25
BRDA:7,0,0,1
BRDA:7,0,1,3
BRDA:16,1,0,3
BRDA:16,1,1,0
BRDA:28,2,0,0
BRDA:28,2,1,0
BRDA:37,3,0,0
BRDA:37,3,1,0
BRDA:48,4,0,0
BRDA:48,4,1,0
BRDA:60,5,0,0
BRDA:60,5,1,1
BRDA:75,6,0,0
BRDA:75,6,1,0
BRDA:85,7,0,0
BRDA:85,7,1,0
BRDA:104,8,0,0
BRDA:104,8,1,1
BRDA:132,9,0,0
BRDA:132,9,1,0
BRDA:147,10,0,0
BRDA:147,10,1,0
BRF:22
BRH:5
end_of_record
TN:
SF:app\models\index.js
FNF:0
FNH:0
DA:1,1
DA:3,1
DA:4,1
DA:6,1
DA:7,1
DA:8,1
DA:9,1
DA:11,1
LF:8
LH:8
BRF:0
BRH:0
end_of_record
TN:
SF:app\models\tutorial.model.js
FN:1,(anonymous_0)
FN:11,(anonymous_1)
FNF:2
FNH:2
FNDA:1,(anonymous_0)
FNDA:4,(anonymous_1)
DA:1,1
DA:2,1
DA:11,1
DA:12,4
DA:13,4
DA:14,4
DA:17,1
DA:18,1
LF:8
LH:8
BRF:0
BRH:0
end_of_record
TN:
SF:app\routes\turorial.routes.js
FN:1,(anonymous_0)
FNF:1
FNH:1
FNDA:1,(anonymous_0)
DA:1,1
DA:2,1
DA:4,1
DA:7,1
DA:10,1
DA:13,1
DA:16,1
DA:19,1
DA:22,1
DA:25,1
DA:27,1
LF:11
LH:11
BRF:0
BRH:0
end_of_record
